<?xml version="1.0" encoding="utf-8"?><testsuites name="pytest tests"><testsuite name="pytest" errors="0" failures="1" skipped="0" tests="9" time="60.252" timestamp="2026-05-05T16:13:23.410908+00:00" hostname="agent-env-4f467d68-c4be-4971-9e88-7e21a2f0b4fa"><testcase classname="backend.tests.test_video_pipeline" name="test_root" time="0.984" /><testcase classname="backend.tests.test_video_pipeline" name="test_auth_dev_returns_token_and_user" time="0.649" /><testcase classname="backend.tests.test_video_pipeline" name="test_auth_dev_invalid_email" time="0.652" /><testcase classname="backend.tests.test_video_pipeline" name="test_auth_me_without_token" time="0.811" /><testcase classname="backend.tests.test_video_pipeline" name="test_auth_me_with_token" time="1.314" /><testcase classname="backend.tests.test_video_pipeline" name="test_templates" time="0.644" /><testcase classname="backend.tests.test_video_pipeline" name="test_videos_generate_creates_pending" time="53.610" /><testcase classname="backend.tests.test_video_pipeline" name="test_videos_list" time="0.852" /><testcase classname="backend.tests.test_video_pipeline" name="test_pipeline_completes_and_credits_decrement" time="0.645"><failure message="Failed: Pipeline failed: Failed to generate speech: Error code: 400 - {'error': {'message': 'Budget has been exceeded! Current cost: 0.0035031000000000003, Max budget: 0.001', 'type': 'budget_exceeded', 'param': None, 'code': '400'}}">backend/tests/test_video_pipeline.py:126: in test_pipeline_completes_and_credits_decrement
    pytest.fail(f"Pipeline failed: {final.get('error')}")
E   Failed: Pipeline failed: Failed to generate speech: Error code: 400 - {'error': {'message': 'Budget has been exceeded! Current cost: 0.0035031000000000003, Max budget: 0.001', 'type': 'budget_exceeded', 'param': None, 'code': '400'}}</failure></testcase></testsuite></testsuites>